#
# There is insufficient memory for the Java Runtime Environment to continue.
# Native memory allocation (mmap) failed to map 703594496 bytes for committing reserved memory.
# Possible reasons:
#   The system is out of physical RAM or swap space
#   The process is running with CompressedOops enabled, and the Java Heap may be blocking the growth of the native heap
# Possible solutions:
#   Reduce memory load on the system
#   Increase physical memory or swap space
#   Check if swap backing store is full
#   Decrease Java heap size (-Xmx/-Xms)
#   Decrease number of Java threads
#   Decrease Java thread stack sizes (-Xss)
#   Set larger code cache with -XX:ReservedCodeCacheSize=
# This output file may be truncated or incomplete.
#
#  Out of Memory Error (os_linux.cpp:2749), pid=29239, tid=0x00007f6e60c4f700
#
# JRE version:  (8.0_201-b09) (build )
# Java VM: Java HotSpot(TM) 64-Bit Server VM (25.201-b09 mixed mode linux-amd64 compressed oops)
# Failed to write core dump. Core dumps have been disabled. To enable core dumping, try "ulimit -c unlimited" before starting Java again
#

---------------  T H R E A D  ---------------

Current thread (0x00007f6e5800a800):  JavaThread "Unknown thread" [_thread_in_vm, id=29240, stack(0x00007f6e60b50000,0x00007f6e60c50000)]

Stack: [0x00007f6e60b50000,0x00007f6e60c50000],  sp=0x00007f6e60c4e580,  free space=1017k
Native frames: (J=compiled Java code, j=interpreted, Vv=VM code, C=native code)
V  [libjvm.so+0xad3525]  VMError::report_and_die()+0x2e5
V  [libjvm.so+0x4e0457]  report_vm_out_of_memory(char const*, int, unsigned long, VMErrorType, char const*)+0x67
V  [libjvm.so+0x9102f0]  os::pd_commit_memory(char*, unsigned long, unsigned long, bool)+0x100
V  [libjvm.so+0x90791f]  os::commit_memory(char*, unsigned long, unsigned long, bool)+0x1f
V  [libjvm.so+0x98c806]  PSVirtualSpace::expand_by(unsigned long)+0x56
V  [libjvm.so+0x98e726]  PSYoungGen::initialize(ReservedSpace, unsigned long)+0x96
V  [libjvm.so+0x2bcf94]  AdjoiningGenerations::AdjoiningGenerations(ReservedSpace, GenerationSizer*, unsigned long)+0x2c4
V  [libjvm.so+0x93ad32]  ParallelScavengeHeap::initialize()+0x222
V  [libjvm.so+0xa9714a]  Universe::initialize_heap()+0x16a
V  [libjvm.so+0xa97433]  universe_init()+0x33
V  [libjvm.so+0x631fd0]  init_globals()+0x50
V  [libjvm.so+0xa79b69]  Threads::create_vm(JavaVMInitArgs*, bool*)+0x409
V  [libjvm.so+0x6d7b4f]  JNI_CreateJavaVM+0x4f
C  [libjli.so+0x7ee4]  JavaMain+0x84
C  [libpthread.so.0+0x76db]  start_thread+0xdb


---------------  P R O C E S S  ---------------

Java Threads: ( => current thread )

Other Threads:

=>0x00007f6e5800a800 (exited) JavaThread "Unknown thread" [_thread_in_vm, id=29240, stack(0x00007f6e60b50000,0x00007f6e60c50000)]

VM state:not at safepoint (not fully initialized)

VM Mutex/Monitor currently owned by a thread: None

heap address: 0x0000000080200000, size: 30718 MB, Compressed Oops mode: Non-zero based:0x00000000801ff000, Oop shift amount: 3
Narrow klass base: 0x0000000000000000, Narrow klass shift: 0

GC Heap History (0 events):
No events

Deoptimization events (0 events):
No events

Classes redefined (0 events):
No events

Internal exceptions (0 events):
No events

Events (0 events):
No events


Dynamic libraries:
00400000-00401000 r-xp 00000000 08:01 5014715                            /usr/lib/jvm/java-8-oracle/jre/bin/java
00600000-00601000 r--p 00000000 08:01 5014715                            /usr/lib/jvm/java-8-oracle/jre/bin/java
00601000-00602000 rw-p 00001000 08:01 5014715                            /usr/lib/jvm/java-8-oracle/jre/bin/java
01215000-01236000 rw-p 00000000 00:00 0                                  [heap]
80200000-580100000 ---p 00000000 00:00 0 
5aa000000-800000000 ---p 00000000 00:00 0 
7f6e45400000-7f6e48fff000 ---p 00000000 00:00 0 
7f6e48fff000-7f6e49000000 rw-p 00000000 00:00 0 
7f6e49000000-7f6e49270000 rwxp 00000000 00:00 0 
7f6e49270000-7f6e58000000 ---p 00000000 00:00 0 
7f6e58000000-7f6e58033000 rw-p 00000000 00:00 0 
7f6e58033000-7f6e5c000000 ---p 00000000 00:00 0 
7f6e5dbee000-7f6e5de8d000 rw-p 00000000 00:00 0 
7f6e5de8d000-7f6e5e243000 ---p 00000000 00:00 0 
7f6e5e243000-7f6e5e25e000 r-xp 00000000 08:01 6689610                    /usr/lib/jvm/java-8-oracle/jre/lib/amd64/libzip.so
7f6e5e25e000-7f6e5e45d000 ---p 0001b000 08:01 6689610                    /usr/lib/jvm/java-8-oracle/jre/lib/amd64/libzip.so
7f6e5e45d000-7f6e5e45e000 r--p 0001a000 08:01 6689610                    /usr/lib/jvm/java-8-oracle/jre/lib/amd64/libzip.so
7f6e5e45e000-7f6e5e45f000 rw-p 0001b000 08:01 6689610                    /usr/lib/jvm/java-8-oracle/jre/lib/amd64/libzip.so
7f6e5e45f000-7f6e5e46a000 r-xp 00000000 08:01 6857464                    /lib/x86_64-linux-gnu/libnss_files-2.27.so
7f6e5e46a000-7f6e5e669000 ---p 0000b000 08:01 6857464                    /lib/x86_64-linux-gnu/libnss_files-2.27.so
7f6e5e669000-7f6e5e66a000 r--p 0000a000 08:01 6857464                    /lib/x86_64-linux-gnu/libnss_files-2.27.so
7f6e5e66a000-7f6e5e66b000 rw-p 0000b000 08:01 6857464                    /lib/x86_64-linux-gnu/libnss_files-2.27.so
7f6e5e66b000-7f6e5e671000 rw-p 00000000 00:00 0 
7f6e5e671000-7f6e5e69d000 r-xp 00000000 08:01 6689628                    /usr/lib/jvm/java-8-oracle/jre/lib/amd64/libjava.so
7f6e5e69d000-7f6e5e89d000 ---p 0002c000 08:01 6689628                    /usr/lib/jvm/java-8-oracle/jre/lib/amd64/libjava.so
7f6e5e89d000-7f6e5e89e000 r--p 0002c000 08:01 6689628                    /usr/lib/jvm/java-8-oracle/jre/lib/amd64/libjava.so
7f6e5e89e000-7f6e5e8a0000 rw-p 0002d000 08:01 6689628                    /usr/lib/jvm/java-8-oracle/jre/lib/amd64/libjava.so
7f6e5e8a0000-7f6e5e8ad000 r-xp 00000000 08:01 6689611                    /usr/lib/jvm/java-8-oracle/jre/lib/amd64/libverify.so
7f6e5e8ad000-7f6e5eaac000 ---p 0000d000 08:01 6689611                    /usr/lib/jvm/java-8-oracle/jre/lib/amd64/libverify.so
7f6e5eaac000-7f6e5eaae000 r--p 0000c000 08:01 6689611                    /usr/lib/jvm/java-8-oracle/jre/lib/amd64/libverify.so
7f6e5eaae000-7f6e5eaaf000 rw-p 0000e000 08:01 6689611                    /usr/lib/jvm/java-8-oracle/jre/lib/amd64/libverify.so
7f6e5eaaf000-7f6e5eab6000 r-xp 00000000 08:01 6857471                    /lib/x86_64-linux-gnu/librt-2.27.so
7f6e5eab6000-7f6e5ecb5000 ---p 00007000 08:01 6857471                    /lib/x86_64-linux-gnu/librt-2.27.so
7f6e5ecb5000-7f6e5ecb6000 r--p 00006000 08:01 6857471                    /lib/x86_64-linux-gnu/librt-2.27.so
7f6e5ecb6000-7f6e5ecb7000 rw-p 00007000 08:01 6857471                    /lib/x86_64-linux-gnu/librt-2.27.so
7f6e5ecb7000-7f6e5ee54000 r-xp 00000000 08:01 6857458                    /lib/x86_64-linux-gnu/libm-2.27.so
7f6e5ee54000-7f6e5f053000 ---p 0019d000 08:01 6857458                    /lib/x86_64-linux-gnu/libm-2.27.so
7f6e5f053000-7f6e5f054000 r--p 0019c000 08:01 6857458                    /lib/x86_64-linux-gnu/libm-2.27.so
7f6e5f054000-7f6e5f055000 rw-p 0019d000 08:01 6857458                    /lib/x86_64-linux-gnu/libm-2.27.so
7f6e5f055000-7f6e5fd3d000 r-xp 00000000 08:01 6826657                    /usr/lib/jvm/java-8-oracle/jre/lib/amd64/server/libjvm.so
7f6e5fd3d000-7f6e5ff3c000 ---p 00ce8000 08:01 6826657                    /usr/lib/jvm/java-8-oracle/jre/lib/amd64/server/libjvm.so
7f6e5ff3c000-7f6e5ffd2000 r--p 00ce7000 08:01 6826657                    /usr/lib/jvm/java-8-oracle/jre/lib/amd64/server/libjvm.so
7f6e5ffd2000-7f6e60003000 rw-p 00d7d000 08:01 6826657                    /usr/lib/jvm/java-8-oracle/jre/lib/amd64/server/libjvm.so
7f6e60003000-7f6e6003e000 rw-p 00000000 00:00 0 
7f6e6003e000-7f6e60225000 r-xp 00000000 08:01 6857454                    /lib/x86_64-linux-gnu/libc-2.27.so
7f6e60225000-7f6e60425000 ---p 001e7000 08:01 6857454                    /lib/x86_64-linux-gnu/libc-2.27.so
7f6e60425000-7f6e60429000 r--p 001e7000 08:01 6857454                    /lib/x86_64-linux-gnu/libc-2.27.so
7f6e60429000-7f6e6042b000 rw-p 001eb000 08:01 6857454                    /lib/x86_64-linux-gnu/libc-2.27.so
7f6e6042b000-7f6e6042f000 rw-p 00000000 00:00 0 
7f6e6042f000-7f6e60432000 r-xp 00000000 08:01 6857457                    /lib/x86_64-linux-gnu/libdl-2.27.so
7f6e60432000-7f6e60631000 ---p 00003000 08:01 6857457                    /lib/x86_64-linux-gnu/libdl-2.27.so
7f6e60631000-7f6e60632000 r--p 00002000 08:01 6857457                    /lib/x86_64-linux-gnu/libdl-2.27.so
7f6e60632000-7f6e60633000 rw-p 00003000 08:01 6857457                    /lib/x86_64-linux-gnu/libdl-2.27.so
7f6e60633000-7f6e6064a000 r-xp 00000000 08:01 6826659                    /usr/lib/jvm/java-8-oracle/jre/lib/amd64/jli/libjli.so
7f6e6064a000-7f6e60849000 ---p 00017000 08:01 6826659                    /usr/lib/jvm/java-8-oracle/jre/lib/amd64/jli/libjli.so
7f6e60849000-7f6e6084a000 r--p 00016000 08:01 6826659                    /usr/lib/jvm/java-8-oracle/jre/lib/amd64/jli/libjli.so
7f6e6084a000-7f6e6084b000 rw-p 00017000 08:01 6826659                    /usr/lib/jvm/java-8-oracle/jre/lib/amd64/jli/libjli.so
7f6e6084b000-7f6e60865000 r-xp 00000000 08:01 6857469                    /lib/x86_64-linux-gnu/libpthread-2.27.so
7f6e60865000-7f6e60a64000 ---p 0001a000 08:01 6857469                    /lib/x86_64-linux-gnu/libpthread-2.27.so
7f6e60a64000-7f6e60a65000 r--p 00019000 08:01 6857469                    /lib/x86_64-linux-gnu/libpthread-2.27.so
7f6e60a65000-7f6e60a66000 rw-p 0001a000 08:01 6857469                    /lib/x86_64-linux-gnu/libpthread-2.27.so
7f6e60a66000-7f6e60a6a000 rw-p 00000000 00:00 0 
7f6e60a6a000-7f6e60a93000 r-xp 00000000 08:01 6816683                    /lib/x86_64-linux-gnu/ld-2.27.so
7f6e60b4f000-7f6e60b50000 ---p 00000000 00:00 0 
7f6e60b50000-7f6e60b53000 ---p 00000000 00:00 0 
7f6e60b53000-7f6e60c52000 rw-p 00000000 00:00 0 
7f6e60c87000-7f6e60c8f000 rw-s 00000000 08:01 1969864                    /tmp/hsperfdata_msmuhammad/29239
7f6e60c8f000-7f6e60c90000 rw-p 00000000 00:00 0 
7f6e60c90000-7f6e60c91000 r--p 00000000 00:00 0 
7f6e60c91000-7f6e60c93000 rw-p 00000000 00:00 0 
7f6e60c93000-7f6e60c94000 r--p 00029000 08:01 6816683                    /lib/x86_64-linux-gnu/ld-2.27.so
7f6e60c94000-7f6e60c95000 rw-p 0002a000 08:01 6816683                    /lib/x86_64-linux-gnu/ld-2.27.so
7f6e60c95000-7f6e60c96000 rw-p 00000000 00:00 0 
7fff444bc000-7fff444e0000 rw-p 00000000 00:00 0                          [stack]
7fff444ef000-7fff444f2000 r--p 00000000 00:00 0                          [vvar]
7fff444f2000-7fff444f4000 r-xp 00000000 00:00 0                          [vdso]
ffffffffff600000-ffffffffff601000 r-xp 00000000 00:00 0                  [vsyscall]

VM Arguments:
java_command: getsp -test
java_class_path (initial): /wdata/msmuhammad/workbench/miniconda3/envs/tximpute/lib/R/share/java
Launcher Type: SUN_STANDARD

Environment Variables:
JAVA_HOME=/usr/lib/jvm/java-8-oracle
PATH=/wdata/msmuhammad/workbench/miniconda3/envs/tximpute/bin:/wdata/msmuhammad/workbench/miniconda3/envs/tximpute/bin:/wdata/msmuhammad/workbench/miniconda3/condabin:/usr/local/fsl/bin:/home/msmuhammad/.local/bin:/usr/local/sbin:/usr/local/bin:/usr/sbin:/usr/bin:/sbin:/bin:/usr/games:/usr/local/games:/snap/bin:/usr/lib/jvm/java-8-oracle/bin:/usr/lib/jvm/java-8-oracle/db/bin:/usr/lib/jvm/java-8-oracle/jre/bin:/opt/puppetlabs/bin:/home/msmuhammad/abin
USERNAME=msmuhammad
LD_LIBRARY_PATH=/wdata/msmuhammad/workbench/miniconda3/envs/tximpute/lib
SHELL=/bin/bash
DISPLAY=:1

Signal Handlers:
SIGSEGV: [libjvm.so+0xad3e60], sa_mask[0]=11111111011111111101111111111110, sa_flags=SA_RESTART|SA_SIGINFO
SIGBUS: [libjvm.so+0xad3e60], sa_mask[0]=11111111011111111101111111111110, sa_flags=SA_RESTART|SA_SIGINFO
SIGFPE: [libjvm.so+0x90b880], sa_mask[0]=11111111011111111101111111111110, sa_flags=SA_RESTART|SA_SIGINFO
SIGPIPE: [libjvm.so+0x90b880], sa_mask[0]=11111111011111111101111111111110, sa_flags=SA_RESTART|SA_SIGINFO
SIGXFSZ: [libjvm.so+0x90b880], sa_mask[0]=11111111011111111101111111111110, sa_flags=SA_RESTART|SA_SIGINFO
SIGILL: [libjvm.so+0x90b880], sa_mask[0]=11111111011111111101111111111110, sa_flags=SA_RESTART|SA_SIGINFO
SIGUSR1: SIG_DFL, sa_mask[0]=00000000000000000000000000000000, sa_flags=none
SIGUSR2: [libjvm.so+0x90b750], sa_mask[0]=00000000000000000000000000000000, sa_flags=SA_RESTART|SA_SIGINFO
SIGHUP: SIG_DFL, sa_mask[0]=00000000000000000000000000000000, sa_flags=none
SIGINT: SIG_DFL, sa_mask[0]=00000000000000000000000000000000, sa_flags=none
SIGTERM: SIG_DFL, sa_mask[0]=00000000000000000000000000000000, sa_flags=none
SIGQUIT: SIG_DFL, sa_mask[0]=00000000000000000000000000000000, sa_flags=none


---------------  S Y S T E M  ---------------

OS:DISTRIB_ID=Ubuntu
DISTRIB_RELEASE=18.04
DISTRIB_CODENAME=bionic
DISTRIB_DESCRIPTION="Ubuntu 18.04.6 LTS"

uname:Linux 4.15.0-213-generic #224-Ubuntu SMP Mon Jun 19 13:30:12 UTC 2023 x86_64
libc:glibc 2.27 NPTL 2.27 
rlimit: STACK 8192k, CORE 0k, NPROC 515020, NOFILE 4096, AS infinity
load average:29.43 29.93 21.12

/proc/meminfo:
MemTotal:       131894640 kB
MemFree:          776660 kB
MemAvailable:     181708 kB
Buffers:           25176 kB
Cached:           465784 kB
SwapCached:            0 kB
Active:         129534872 kB
Inactive:         299856 kB
Active(anon):   129342932 kB
Inactive(anon):    93284 kB
Active(file):     191940 kB
Inactive(file):   206572 kB
Unevictable:       38308 kB
Mlocked:           38308 kB
SwapTotal:             0 kB
SwapFree:              0 kB
Dirty:               552 kB
Writeback:             0 kB
AnonPages:      129382460 kB
Mapped:           424784 kB
Shmem:             91952 kB
Slab:             421288 kB
SReclaimable:     121180 kB
SUnreclaim:       300108 kB
KernelStack:       22448 kB
PageTables:       436396 kB
NFS_Unstable:          0 kB
Bounce:                0 kB
WritebackTmp:          0 kB
CommitLimit:    65947320 kB
Committed_AS:   251543616 kB
VmallocTotal:   34359738367 kB
VmallocUsed:           0 kB
VmallocChunk:          0 kB
HardwareCorrupted:     0 kB
AnonHugePages:      6144 kB
ShmemHugePages:        0 kB
ShmemPmdMapped:        0 kB
CmaTotal:              0 kB
CmaFree:               0 kB
HugePages_Total:       0
HugePages_Free:        0
HugePages_Rsvd:        0
HugePages_Surp:        0
Hugepagesize:       2048 kB
DirectMap4k:     3526996 kB
DirectMap2M:    128458752 kB
DirectMap1G:     4194304 kB

container (cgroup) information:
container_type: cgroupv1
cpu_cpuset_cpus: 0-11
cpu_memory_nodes: 0
active_processor_count: 12
cpu_quota: -1
cpu_period: 100000
cpu_shares: -1
memory_limit_in_bytes: -1
memory_and_swap_limit_in_bytes: -2
memory_soft_limit_in_bytes: -1
memory_usage_in_bytes: 132835397632
memory_max_usage_in_bytes: 133207785472


CPU:total 12 (initial active 12) (6 cores per cpu, 2 threads per core) family 6 model 63 stepping 2, cmov, cx8, fxsr, mmx, sse, sse2, sse3, ssse3, sse4.1, sse4.2, popcnt, avx, avx2, aes, clmul, erms, lzcnt, ht, tsc, tscinvbit, bmi1, bmi2

/proc/cpuinfo:
processor	: 0
vendor_id	: GenuineIntel
cpu family	: 6
model		: 63
model name	: Intel(R) Xeon(R) CPU E5-1650 v3 @ 3.50GHz
stepping	: 2
microcode	: 0x49
cpu MHz		: 3591.634
cache size	: 15360 KB
physical id	: 0
siblings	: 12
core id		: 0
cpu cores	: 6
apicid		: 0
initial apicid	: 0
fpu		: yes
fpu_exception	: yes
cpuid level	: 15
wp		: yes
flags		: fpu vme de pse tsc msr pae mce cx8 apic sep mtrr pge mca cmov pat pse36 clflush dts acpi mmx fxsr sse sse2 ss ht tm pbe syscall nx pdpe1gb rdtscp lm constant_tsc arch_perfmon pebs bts rep_good nopl xtopology nonstop_tsc cpuid aperfmperf pni pclmulqdq dtes64 monitor ds_cpl vmx smx est tm2 ssse3 sdbg fma cx16 xtpr pdcm pcid dca sse4_1 sse4_2 x2apic movbe popcnt tsc_deadline_timer aes xsave avx f16c rdrand lahf_lm abm cpuid_fault epb invpcid_single pti intel_ppin ssbd ibrs ibpb stibp tpr_shadow vnmi flexpriority ept vpid fsgsbase tsc_adjust bmi1 avx2 smep bmi2 erms invpcid cqm xsaveopt cqm_llc cqm_occup_llc dtherm ida arat pln pts md_clear flush_l1d
bugs		: cpu_meltdown spectre_v1 spectre_v2 spec_store_bypass l1tf mds swapgs itlb_multihit mmio_stale_data
bogomips	: 6983.73
clflush size	: 64
cache_alignment	: 64
address sizes	: 46 bits physical, 48 bits virtual
power management:

processor	: 1
vendor_id	: GenuineIntel
cpu family	: 6
model		: 63
model name	: Intel(R) Xeon(R) CPU E5-1650 v3 @ 3.50GHz
stepping	: 2
microcode	: 0x49
cpu MHz		: 3591.635
cache size	: 15360 KB
physical id	: 0
siblings	: 12
core id		: 1
cpu cores	: 6
apicid		: 2
initial apicid	: 2
fpu		: yes
fpu_exception	: yes
cpuid level	: 15
wp		: yes
flags		: fpu vme de pse tsc msr pae mce cx8 apic sep mtrr pge mca cmov pat pse36 clflush dts acpi mmx fxsr sse sse2 ss ht tm pbe syscall nx pdpe1gb rdtscp lm constant_tsc arch_perfmon pebs bts rep_good nopl xtopology nonstop_tsc cpuid aperfmperf pni pclmulqdq dtes64 monitor ds_cpl vmx smx est tm2 ssse3 sdbg fma cx16 xtpr pdcm pcid dca sse4_1 sse4_2 x2apic movbe popcnt tsc_deadline_timer aes xsave avx f16c rdrand lahf_lm abm cpuid_fault epb invpcid_single pti intel_ppin ssbd ibrs ibpb stibp tpr_shadow vnmi flexpriority ept vpid fsgsbase tsc_adjust bmi1 avx2 smep bmi2 erms invpcid cqm xsaveopt cqm_llc cqm_occup_llc dtherm ida arat pln pts md_clear flush_l1d
bugs		: cpu_meltdown spectre_v1 spectre_v2 spec_store_bypass l1tf mds swapgs itlb_multihit mmio_stale_data
bogomips	: 6983.73
clflush size	: 64
cache_alignment	: 64
address sizes	: 46 bits physical, 48 bits virtual
power management:

processor	: 2
vendor_id	: GenuineIntel
cpu family	: 6
model		: 63
model name	: Intel(R) Xeon(R) CPU E5-1650 v3 @ 3.50GHz
stepping	: 2
microcode	: 0x49
cpu MHz		: 3591.635
cache size	: 15360 KB
physical id	: 0
siblings	: 12
core id		: 2
cpu cores	: 6
apicid		: 4
initial apicid	: 4
fpu		: yes
fpu_exception	: yes
cpuid level	: 15
wp		: yes
flags		: fpu vme de pse tsc msr pae mce cx8 apic sep mtrr pge mca cmov pat pse36 clflush dts acpi mmx fxsr sse sse2 ss ht tm pbe syscall nx pdpe1gb rdtscp lm constant_tsc arch_perfmon pebs bts rep_good nopl xtopology nonstop_tsc cpuid aperfmperf pni pclmulqdq dtes64 monitor ds_cpl vmx smx est tm2 ssse3 sdbg fma cx16 xtpr pdcm pcid dca sse4_1 sse4_2 x2apic movbe popcnt tsc_deadline_timer aes xsave avx f16c rdrand lahf_lm abm cpuid_fault epb invpcid_single pti intel_ppin ssbd ibrs ibpb stibp tpr_shadow vnmi flexpriority ept vpid fsgsbase tsc_adjust bmi1 avx2 smep bmi2 erms invpcid cqm xsaveopt cqm_llc cqm_occup_llc dtherm ida arat pln pts md_clear flush_l1d
bugs		: cpu_meltdown spectre_v1 spectre_v2 spec_store_bypass l1tf mds swapgs itlb_multihit mmio_stale_data
bogomips	: 6983.73
clflush size	: 64
cache_alignment	: 64
address sizes	: 46 bits physical, 48 bits virtual
power management:

processor	: 3
vendor_id	: GenuineIntel
cpu family	: 6
model		: 63
model name	: Intel(R) Xeon(R) CPU E5-1650 v3 @ 3.50GHz
stepping	: 2
microcode	: 0x49
cpu MHz		: 3591.635
cache size	: 15360 KB
physical id	: 0
siblings	: 12
core id		: 3
cpu cores	: 6
apicid		: 6
initial apicid	: 6
fpu		: yes
fpu_exception	: yes
cpuid level	: 15
wp		: yes
flags		: fpu vme de pse tsc msr pae mce cx8 apic sep mtrr pge mca cmov pat pse36 clflush dts acpi mmx fxsr sse sse2 ss ht tm pbe syscall nx pdpe1gb rdtscp lm constant_tsc arch_perfmon pebs bts rep_good nopl xtopology nonstop_tsc cpuid aperfmperf pni pclmulqdq dtes64 monitor ds_cpl vmx smx est tm2 ssse3 sdbg fma cx16 xtpr pdcm pcid dca sse4_1 sse4_2 x2apic movbe popcnt tsc_deadline_timer aes xsave avx f16c rdrand lahf_lm abm cpuid_fault epb invpcid_single pti intel_ppin ssbd ibrs ibpb stibp tpr_shadow vnmi flexpriority ept vpid fsgsbase tsc_adjust bmi1 avx2 smep bmi2 erms invpcid cqm xsaveopt cqm_llc cqm_occup_llc dtherm ida arat pln pts md_clear flush_l1d
bugs		: cpu_meltdown spectre_v1 spectre_v2 spec_store_bypass l1tf mds swapgs itlb_multihit mmio_stale_data
bogomips	: 6983.73
clflush size	: 64
cache_alignment	: 64
address sizes	: 46 bits physical, 48 bits virtual
power management:

processor	: 4
vendor_id	: GenuineIntel
cpu family	: 6
model		: 63
model name	: Intel(R) Xeon(R) CPU E5-1650 v3 @ 3.50GHz
stepping	: 2
microcode	: 0x49
cpu MHz		: 3591.634
cache size	: 15360 KB
physical id	: 0
siblings	: 12
core id		: 4
cpu cores	: 6
apicid		: 8
initial apicid	: 8
fpu		: yes
fpu_exception	: yes
cpuid level	: 15
wp		: yes
flags		: fpu vme de pse tsc msr pae mce cx8 apic sep mtrr pge mca cmov pat pse36 clflush dts acpi mmx fxsr sse sse2 ss ht tm pbe syscall nx pdpe1gb rdtscp lm constant_tsc arch_perfmon pebs bts rep_good nopl xtopology nonstop_tsc cpuid aperfmperf pni pclmulqdq dtes64 monitor ds_cpl vmx smx est tm2 ssse3 sdbg fma cx16 xtpr pdcm pcid dca sse4_1 sse4_2 x2apic movbe popcnt tsc_deadline_timer aes xsave avx f16c rdrand lahf_lm abm cpuid_fault epb invpcid_single pti intel_ppin ssbd ibrs ibpb stibp tpr_shadow vnmi flexpriority ept vpid fsgsbase tsc_adjust bmi1 avx2 smep bmi2 erms invpcid cqm xsaveopt cqm_llc cqm_occup_llc dtherm ida arat pln pts md_clear flush_l1d
bugs		: cpu_meltdown spectre_v1 spectre_v2 spec_store_bypass l1tf mds swapgs itlb_multihit mmio_stale_data
bogomips	: 6983.73
clflush size	: 64
cache_alignment	: 64
address sizes	: 46 bits physical, 48 bits virtual
power management:

processor	: 5
vendor_id	: GenuineIntel
cpu family	: 6
model		: 63
model name	: Intel(R) Xeon(R) CPU E5-1650 v3 @ 3.50GHz
stepping	: 2
microcode	: 0x49
cpu MHz		: 3591.634
cache size	: 15360 KB
physical id	: 0
siblings	: 12
core id		: 5
cpu cores	: 6
apicid		: 10
initial apicid	: 10
fpu		: yes
fpu_exception	: yes
cpuid level	: 15
wp		: yes
flags		: fpu vme de pse tsc msr pae mce cx8 apic sep mtrr pge mca cmov pat pse36 clflush dts acpi mmx fxsr sse sse2 ss ht tm pbe syscall nx pdpe1gb rdtscp lm constant_tsc arch_perfmon pebs bts rep_good nopl xtopology nonstop_tsc cpuid aperfmperf pni pclmulqdq dtes64 monitor ds_cpl vmx smx est tm2 ssse3 sdbg fma cx16 xtpr pdcm pcid dca sse4_1 sse4_2 x2apic movbe popcnt tsc_deadline_timer aes xsave avx f16c rdrand lahf_lm abm cpuid_fault epb invpcid_single pti intel_ppin ssbd ibrs ibpb stibp tpr_shadow vnmi flexpriority ept vpid fsgsbase tsc_adjust bmi1 avx2 smep bmi2 erms invpcid cqm xsaveopt cqm_llc cqm_occup_llc dtherm ida arat pln pts md_clear flush_l1d
bugs		: cpu_meltdown spectre_v1 spectre_v2 spec_store_bypass l1tf mds swapgs itlb_multihit mmio_stale_data
bogomips	: 6983.73
clflush size	: 64
cache_alignment	: 64
address sizes	: 46 bits physical, 48 bits virtual
power management:

processor	: 6
vendor_id	: GenuineIntel
cpu family	: 6
model		: 63
model name	: Intel(R) Xeon(R) CPU E5-1650 v3 @ 3.50GHz
stepping	: 2
microcode	: 0x49
cpu MHz		: 3591.635
cache size	: 15360 KB
physical id	: 0
siblings	: 12
core id		: 0
cpu cores	: 6
apicid		: 1
initial apicid	: 1
fpu		: yes
fpu_exception	: yes
cpuid level	: 15
wp		: yes
flags		: fpu vme de pse tsc msr pae mce cx8 apic sep mtrr pge mca cmov pat pse36 clflush dts acpi mmx fxsr sse sse2 ss ht tm pbe syscall nx pdpe1gb rdtscp lm constant_tsc arch_perfmon pebs bts rep_good nopl xtopology nonstop_tsc cpuid aperfmperf pni pclmulqdq dtes64 monitor ds_cpl vmx smx est tm2 ssse3 sdbg fma cx16 xtpr pdcm pcid dca sse4_1 sse4_2 x2apic movbe popcnt tsc_deadline_timer aes xsave avx f16c rdrand lahf_lm abm cpuid_fault epb invpcid_single pti intel_ppin ssbd ibrs ibpb stibp tpr_shadow vnmi flexpriority ept vpid fsgsbase tsc_adjust bmi1 avx2 smep bmi2 erms invpcid cqm xsaveopt cqm_llc cqm_occup_llc dtherm ida arat pln pts md_clear flush_l1d
bugs		: cpu_meltdown spectre_v1 spectre_v2 spec_store_bypass l1tf mds swapgs itlb_multihit mmio_stale_data
bogomips	: 6983.73
clflush size	: 64
cache_alignment	: 64
address sizes	: 46 bits physical, 48 bits virtual
power management:

processor	: 7
vendor_id	: GenuineIntel
cpu family	: 6
model		: 63
model name	: Intel(R) Xeon(R) CPU E5-1650 v3 @ 3.50GHz
stepping	: 2
microcode	: 0x49
cpu MHz		: 3591.633
cache size	: 15360 KB
physical id	: 0
siblings	: 12
core id		: 1
cpu cores	: 6
apicid		: 3
initial apicid	: 3
fpu		: yes
fpu_exception	: yes
cpuid level	: 15
wp		: yes
flags		: fpu vme de pse tsc msr pae mce cx8 apic sep mtrr pge mca cmov pat pse36 clflush dts acpi mmx fxsr sse sse2 ss ht tm pbe syscall nx pdpe1gb rdtscp lm constant_tsc arch_perfmon pebs bts rep_good nopl xtopology nonstop_tsc cpuid aperfmperf pni pclmulqdq dtes64 monitor ds_cpl vmx smx est tm2 ssse3 sdbg fma cx16 xtpr pdcm pcid dca sse4_1 sse4_2 x2apic movbe popcnt tsc_deadline_timer aes xsave avx f16c rdrand lahf_lm abm cpuid_fault epb invpcid_single pti intel_ppin ssbd ibrs ibpb stibp tpr_shadow vnmi flexpriority ept vpid fsgsbase tsc_adjust bmi1 avx2 smep bmi2 erms invpcid cqm xsaveopt cqm_llc cqm_occup_llc dtherm ida arat pln pts md_clear flush_l1d
bugs		: cpu_meltdown spectre_v1 spectre_v2 spec_store_bypass l1tf mds swapgs itlb_multihit mmio_stale_data
bogomips	: 6983.73
clflush size	: 64
cache_alignment	: 64
address sizes	: 46 bits physical, 48 bits virtual
power management:

processor	: 8
vendor_id	: GenuineIntel
cpu family	: 6
model		: 63
model name	: Intel(R) Xeon(R) CPU E5-1650 v3 @ 3.50GHz
stepping	: 2
microcode	: 0x49
cpu MHz		: 3591.633
cache size	: 15360 KB
physical id	: 0
siblings	: 12
core id		: 2
cpu cores	: 6
apicid		: 5
initial apicid	: 5
fpu		: yes
fpu_exception	: yes
cpuid level	: 15
wp		: yes
flags		: fpu vme de pse tsc msr pae mce cx8 apic sep mtrr pge mca cmov pat pse36 clflush dts acpi mmx fxsr sse sse2 ss ht tm pbe syscall nx pdpe1gb rdtscp lm constant_tsc arch_perfmon pebs bts rep_good nopl xtopology nonstop_tsc cpuid aperfmperf pni pclmulqdq dtes64 monitor ds_cpl vmx smx est tm2 ssse3 sdbg fma cx16 xtpr pdcm pcid dca sse4_1 sse4_2 x2apic movbe popcnt tsc_deadline_timer aes xsave avx f16c rdrand lahf_lm abm cpuid_fault epb invpcid_single pti intel_ppin ssbd ibrs ibpb stibp tpr_shadow vnmi flexpriority ept vpid fsgsbase tsc_adjust bmi1 avx2 smep bmi2 erms invpcid cqm xsaveopt cqm_llc cqm_occup_llc dtherm ida arat pln pts md_clear flush_l1d
bugs		: cpu_meltdown spectre_v1 spectre_v2 spec_store_bypass l1tf mds swapgs itlb_multihit mmio_stale_data
bogomips	: 6983.73
clflush size	: 64
cache_alignment	: 64
address sizes	: 46 bits physical, 48 bits virtual
power management:

processor	: 9
vendor_id	: GenuineIntel
cpu family	: 6
model		: 63
model name	: Intel(R) Xeon(R) CPU E5-1650 v3 @ 3.50GHz
stepping	: 2
microcode	: 0x49
cpu MHz		: 3591.633
cache size	: 15360 KB
physical id	: 0
siblings	: 12
core id		: 3
cpu cores	: 6
apicid		: 7
initial apicid	: 7
fpu		: yes
fpu_exception	: yes
cpuid level	: 15
wp		: yes
flags		: fpu vme de pse tsc msr pae mce cx8 apic sep mtrr pge mca cmov pat pse36 clflush dts acpi mmx fxsr sse sse2 ss ht tm pbe syscall nx pdpe1gb rdtscp lm constant_tsc arch_perfmon pebs bts rep_good nopl xtopology nonstop_tsc cpuid aperfmperf pni pclmulqdq dtes64 monitor ds_cpl vmx smx est tm2 ssse3 sdbg fma cx16 xtpr pdcm pcid dca sse4_1 sse4_2 x2apic movbe popcnt tsc_deadline_timer aes xsave avx f16c rdrand lahf_lm abm cpuid_fault epb invpcid_single pti intel_ppin ssbd ibrs ibpb stibp tpr_shadow vnmi flexpriority ept vpid fsgsbase tsc_adjust bmi1 avx2 smep bmi2 erms invpcid cqm xsaveopt cqm_llc cqm_occup_llc dtherm ida arat pln pts md_clear flush_l1d
bugs		: cpu_meltdown spectre_v1 spectre_v2 spec_store_bypass l1tf mds swapgs itlb_multihit mmio_stale_data
bogomips	: 6983.73
clflush size	: 64
cache_alignment	: 64
address sizes	: 46 bits physical, 48 bits virtual
power management:

processor	: 10
vendor_id	: GenuineIntel
cpu family	: 6
model		: 63
model name	: Intel(R) Xeon(R) CPU E5-1650 v3 @ 3.50GHz
stepping	: 2
microcode	: 0x49
cpu MHz		: 3591.634
cache size	: 15360 KB
physical id	: 0
siblings	: 12
core id		: 4
cpu cores	: 6
apicid		: 9
initial apicid	: 9
fpu		: yes
fpu_exception	: yes
cpuid level	: 15
wp		: yes
flags		: fpu vme de pse tsc msr pae mce cx8 apic sep mtrr pge mca cmov pat pse36 clflush dts acpi mmx fxsr sse sse2 ss ht tm pbe syscall nx pdpe1gb rdtscp lm constant_tsc arch_perfmon pebs bts rep_good nopl xtopology nonstop_tsc cpuid aperfmperf pni pclmulqdq dtes64 monitor ds_cpl vmx smx est tm2 ssse3 sdbg fma cx16 xtpr pdcm pcid dca sse4_1 sse4_2 x2apic movbe popcnt tsc_deadline_timer aes xsave avx f16c rdrand lahf_lm abm cpuid_fault epb invpcid_single pti intel_ppin ssbd ibrs ibpb stibp tpr_shadow vnmi flexpriority ept vpid fsgsbase tsc_adjust bmi1 avx2 smep bmi2 erms invpcid cqm xsaveopt cqm_llc cqm_occup_llc dtherm ida arat pln pts md_clear flush_l1d
bugs		: cpu_meltdown spectre_v1 spectre_v2 spec_store_bypass l1tf mds swapgs itlb_multihit mmio_stale_data
bogomips	: 6983.73
clflush size	: 64
cache_alignment	: 64
address sizes	: 46 bits physical, 48 bits virtual
power management:

processor	: 11
vendor_id	: GenuineIntel
cpu family	: 6
model		: 63
model name	: Intel(R) Xeon(R) CPU E5-1650 v3 @ 3.50GHz
stepping	: 2
microcode	: 0x49
cpu MHz		: 3591.634
cache size	: 15360 KB
physical id	: 0
siblings	: 12
core id		: 5
cpu cores	: 6
apicid		: 11
initial apicid	: 11
fpu		: yes
fpu_exception	: yes
cpuid level	: 15
wp		: yes
flags		: fpu vme de pse tsc msr pae mce cx8 apic sep mtrr pge mca cmov pat pse36 clflush dts acpi mmx fxsr sse sse2 ss ht tm pbe syscall nx pdpe1gb rdtscp lm constant_tsc arch_perfmon pebs bts rep_good nopl xtopology nonstop_tsc cpuid aperfmperf pni pclmulqdq dtes64 monitor ds_cpl vmx smx est tm2 ssse3 sdbg fma cx16 xtpr pdcm pcid dca sse4_1 sse4_2 x2apic movbe popcnt tsc_deadline_timer aes xsave avx f16c rdrand lahf_lm abm cpuid_fault epb invpcid_single pti intel_ppin ssbd ibrs ibpb stibp tpr_shadow vnmi flexpriority ept vpid fsgsbase tsc_adjust bmi1 avx2 smep bmi2 erms invpcid cqm xsaveopt cqm_llc cqm_occup_llc dtherm ida arat pln pts md_clear flush_l1d
bugs		: cpu_meltdown spectre_v1 spectre_v2 spec_store_bypass l1tf mds swapgs itlb_multihit mmio_stale_data
bogomips	: 6983.73
clflush size	: 64
cache_alignment	: 64
address sizes	: 46 bits physical, 48 bits virtual
power management:



Memory: 4k page, physical 131894640k(776660k free), swap 0k(0k free)

vm_info: Java HotSpot(TM) 64-Bit Server VM (25.201-b09) for linux-amd64 JRE (1.8.0_201-b09), built on Dec 15 2018 11:35:59 by "java_re" with gcc 7.3.0

time: Thu Nov 16 13:59:53 2023
timezone: CST
elapsed time: 0 seconds (0d 0h 0m 0s)

